<?xml version="1.0" encoding="UTF-8"?>
<testsuite xmlns:xsi="http://www.w3.org/2001/XMLSchema-instance" xsi:noNamespaceSchemaLocation="https://maven.apache.org/surefire/maven-surefire-plugin/xsd/surefire-test-report.xsd" name="com.springcloud.demo.DemoApplicationTests" time="8.363" tests="1" errors="0" skipped="0" failures="0">
  <properties>
    <property name="sun.desktop" value="windows"/>
    <property name="awt.toolkit" value="sun.awt.windows.WToolkit"/>
    <property name="file.encoding.pkg" value="sun.io"/>
    <property name="java.specification.version" value="1.8"/>
    <property name="sun.cpu.isalist" value="amd64"/>
    <property name="sun.jnu.encoding" value="GBK"/>
    <property name="java.class.path" value="D:\idea_workspace\ppd-api\target\test-classes;D:\idea_workspace\ppd-api\target\classes;D:\gome\dev\repository\org\springframework\boot\spring-boot-starter-web\2.0.1.RELEASE\spring-boot-starter-web-2.0.1.RELEASE.jar;D:\gome\dev\repository\org\springframework\boot\spring-boot-starter\2.0.1.RELEASE\spring-boot-starter-2.0.1.RELEASE.jar;D:\gome\dev\repository\org\springframework\boot\spring-boot\2.0.1.RELEASE\spring-boot-2.0.1.RELEASE.jar;D:\gome\dev\repository\org\springframework\boot\spring-boot-autoconfigure\2.0.1.RELEASE\spring-boot-autoconfigure-2.0.1.RELEASE.jar;D:\gome\dev\repository\org\springframework\boot\spring-boot-starter-logging\2.0.1.RELEASE\spring-boot-starter-logging-2.0.1.RELEASE.jar;D:\gome\dev\repository\ch\qos\logback\logback-classic\1.2.3\logback-classic-1.2.3.jar;D:\gome\dev\repository\ch\qos\logback\logback-core\1.2.3\logback-core-1.2.3.jar;D:\gome\dev\repository\org\apache\logging\log4j\log4j-to-slf4j\2.10.0\log4j-to-slf4j-2.10.0.jar;D:\gome\dev\repository\org\apache\logging\log4j\log4j-api\2.10.0\log4j-api-2.10.0.jar;D:\gome\dev\repository\org\slf4j\jul-to-slf4j\1.7.25\jul-to-slf4j-1.7.25.jar;D:\gome\dev\repository\javax\annotation\javax.annotation-api\1.3.2\javax.annotation-api-1.3.2.jar;D:\gome\dev\repository\org\yaml\snakeyaml\1.19\snakeyaml-1.19.jar;D:\gome\dev\repository\org\springframework\boot\spring-boot-starter-json\2.0.1.RELEASE\spring-boot-starter-json-2.0.1.RELEASE.jar;D:\gome\dev\repository\com\fasterxml\jackson\core\jackson-databind\2.9.5\jackson-databind-2.9.5.jar;D:\gome\dev\repository\com\fasterxml\jackson\core\jackson-annotations\2.9.0\jackson-annotations-2.9.0.jar;D:\gome\dev\repository\com\fasterxml\jackson\core\jackson-core\2.9.5\jackson-core-2.9.5.jar;D:\gome\dev\repository\com\fasterxml\jackson\datatype\jackson-datatype-jdk8\2.9.5\jackson-datatype-jdk8-2.9.5.jar;D:\gome\dev\repository\com\fasterxml\jackson\datatype\jackson-datatype-jsr310\2.9.5\jackson-datatype-jsr310-2.9.5.jar;D:\gome\dev\repository\com\fasterxml\jackson\module\jackson-module-parameter-names\2.9.5\jackson-module-parameter-names-2.9.5.jar;D:\gome\dev\repository\org\springframework\boot\spring-boot-starter-tomcat\2.0.1.RELEASE\spring-boot-starter-tomcat-2.0.1.RELEASE.jar;D:\gome\dev\repository\org\apache\tomcat\embed\tomcat-embed-core\8.5.29\tomcat-embed-core-8.5.29.jar;D:\gome\dev\repository\org\apache\tomcat\embed\tomcat-embed-el\8.5.29\tomcat-embed-el-8.5.29.jar;D:\gome\dev\repository\org\apache\tomcat\embed\tomcat-embed-websocket\8.5.29\tomcat-embed-websocket-8.5.29.jar;D:\gome\dev\repository\org\hibernate\validator\hibernate-validator\6.0.9.Final\hibernate-validator-6.0.9.Final.jar;D:\gome\dev\repository\javax\validation\validation-api\2.0.1.Final\validation-api-2.0.1.Final.jar;D:\gome\dev\repository\org\jboss\logging\jboss-logging\3.3.2.Final\jboss-logging-3.3.2.Final.jar;D:\gome\dev\repository\com\fasterxml\classmate\1.3.4\classmate-1.3.4.jar;D:\gome\dev\repository\org\springframework\spring-web\5.0.5.RELEASE\spring-web-5.0.5.RELEASE.jar;D:\gome\dev\repository\org\springframework\spring-beans\5.0.5.RELEASE\spring-beans-5.0.5.RELEASE.jar;D:\gome\dev\repository\org\springframework\spring-webmvc\5.0.5.RELEASE\spring-webmvc-5.0.5.RELEASE.jar;D:\gome\dev\repository\org\springframework\spring-aop\5.0.5.RELEASE\spring-aop-5.0.5.RELEASE.jar;D:\gome\dev\repository\org\springframework\spring-context\5.0.5.RELEASE\spring-context-5.0.5.RELEASE.jar;D:\gome\dev\repository\org\springframework\spring-expression\5.0.5.RELEASE\spring-expression-5.0.5.RELEASE.jar;D:\gome\dev\repository\org\springframework\boot\spring-boot-starter-test\2.0.1.RELEASE\spring-boot-starter-test-2.0.1.RELEASE.jar;D:\gome\dev\repository\org\springframework\boot\spring-boot-test\2.0.1.RELEASE\spring-boot-test-2.0.1.RELEASE.jar;D:\gome\dev\repository\org\springframework\boot\spring-boot-test-autoconfigure\2.0.1.RELEASE\spring-boot-test-autoconfigure-2.0.1.RELEASE.jar;D:\gome\dev\repository\com\jayway\jsonpath\json-path\2.4.0\json-path-2.4.0.jar;D:\gome\dev\repository\net\minidev\json-smart\2.3\json-smart-2.3.jar;D:\gome\dev\repository\net\minidev\accessors-smart\1.2\accessors-smart-1.2.jar;D:\gome\dev\repository\org\ow2\asm\asm\5.0.4\asm-5.0.4.jar;D:\gome\dev\repository\junit\junit\4.12\junit-4.12.jar;D:\gome\dev\repository\org\assertj\assertj-core\3.9.1\assertj-core-3.9.1.jar;D:\gome\dev\repository\org\mockito\mockito-core\2.15.0\mockito-core-2.15.0.jar;D:\gome\dev\repository\net\bytebuddy\byte-buddy\1.7.11\byte-buddy-1.7.11.jar;D:\gome\dev\repository\net\bytebuddy\byte-buddy-agent\1.7.11\byte-buddy-agent-1.7.11.jar;D:\gome\dev\repository\org\objenesis\objenesis\2.6\objenesis-2.6.jar;D:\gome\dev\repository\org\hamcrest\hamcrest-core\1.3\hamcrest-core-1.3.jar;D:\gome\dev\repository\org\hamcrest\hamcrest-library\1.3\hamcrest-library-1.3.jar;D:\gome\dev\repository\org\skyscreamer\jsonassert\1.5.0\jsonassert-1.5.0.jar;D:\gome\dev\repository\com\vaadin\external\google\android-json\0.0.20131108.vaadin1\android-json-0.0.20131108.vaadin1.jar;D:\gome\dev\repository\org\springframework\spring-core\5.0.5.RELEASE\spring-core-5.0.5.RELEASE.jar;D:\gome\dev\repository\org\springframework\spring-jcl\5.0.5.RELEASE\spring-jcl-5.0.5.RELEASE.jar;D:\gome\dev\repository\org\springframework\spring-test\5.0.5.RELEASE\spring-test-5.0.5.RELEASE.jar;D:\gome\dev\repository\org\xmlunit\xmlunit-core\2.5.1\xmlunit-core-2.5.1.jar;D:\gome\dev\repository\Mysql\mysql-connector-java\5.1.38\mysql-connector-java-5.1.38.jar;D:\gome\dev\repository\org\mybatis\mybatis\3.4.6\mybatis-3.4.6.jar;D:\gome\dev\repository\org\mybatis\spring\boot\mybatis-spring-boot-starter\1.3.2\mybatis-spring-boot-starter-1.3.2.jar;D:\gome\dev\repository\org\springframework\boot\spring-boot-starter-jdbc\2.0.1.RELEASE\spring-boot-starter-jdbc-2.0.1.RELEASE.jar;D:\gome\dev\repository\com\zaxxer\HikariCP\2.7.8\HikariCP-2.7.8.jar;D:\gome\dev\repository\org\springframework\spring-jdbc\5.0.5.RELEASE\spring-jdbc-5.0.5.RELEASE.jar;D:\gome\dev\repository\org\springframework\spring-tx\5.0.5.RELEASE\spring-tx-5.0.5.RELEASE.jar;D:\gome\dev\repository\org\mybatis\spring\boot\mybatis-spring-boot-autoconfigure\1.3.2\mybatis-spring-boot-autoconfigure-1.3.2.jar;D:\gome\dev\repository\org\mybatis\mybatis-spring\1.3.2\mybatis-spring-1.3.2.jar;D:\gome\dev\repository\com\alibaba\fastjson\1.2.9\fastjson-1.2.9.jar;D:\gome\dev\repository\org\slf4j\slf4j-api\1.7.9\slf4j-api-1.7.9.jar;D:\gome\dev\repository\org\slf4j\slf4j-nop\1.1.0\slf4j-nop-1.1.0.jar;D:\gome\dev\repository\org\apache\httpcomponents\httpclient\4.5.3\httpclient-4.5.3.jar;D:\gome\dev\repository\org\apache\httpcomponents\httpcore\4.4.9\httpcore-4.4.9.jar;D:\gome\dev\repository\commons-codec\commons-codec\1.11\commons-codec-1.11.jar;D:\gome\dev\repository\commons-httpclient\commons-httpclient\3.1\commons-httpclient-3.1.jar;D:\gome\dev\repository\commons-logging\commons-logging\1.0.4\commons-logging-1.0.4.jar;D:\gome\dev\repository\org\apache\shiro\shiro-spring\1.3.2\shiro-spring-1.3.2.jar;D:\gome\dev\repository\org\apache\shiro\shiro-core\1.3.2\shiro-core-1.3.2.jar;D:\gome\dev\repository\commons-beanutils\commons-beanutils\1.8.3\commons-beanutils-1.8.3.jar;D:\gome\dev\repository\org\apache\shiro\shiro-web\1.3.2\shiro-web-1.3.2.jar;"/>
    <property name="java.vm.vendor" value="Oracle Corporation"/>
    <property name="sun.arch.data.model" value="64"/>
    <property name="user.variant" value=""/>
    <property name="java.vendor.url" value="http://java.oracle.com/"/>
    <property name="user.timezone" value="Asia/Shanghai"/>
    <property name="java.vm.specification.version" value="1.8"/>
    <property name="os.name" value="Windows 8.1"/>
    <property name="user.country" value="CN"/>
    <property name="sun.java.launcher" value="SUN_STANDARD"/>
    <property name="sun.boot.library.path" value="D:\Environment\jdk1.8\jre\bin"/>
    <property name="sun.java.command" value="C:\Users\Sunny\AppData\Local\Temp\surefire4327506213121713023\surefirebooter2308922651582499922.jar C:\Users\Sunny\AppData\Local\Temp\surefire4327506213121713023 2018-11-12T16-11-25_852-jvmRun1 surefire5639921022770996243tmp surefire_07533521772431713896tmp"/>
    <property name="surefire.test.class.path" value="D:\idea_workspace\ppd-api\target\test-classes;D:\idea_workspace\ppd-api\target\classes;D:\gome\dev\repository\org\springframework\boot\spring-boot-starter-web\2.0.1.RELEASE\spring-boot-starter-web-2.0.1.RELEASE.jar;D:\gome\dev\repository\org\springframework\boot\spring-boot-starter\2.0.1.RELEASE\spring-boot-starter-2.0.1.RELEASE.jar;D:\gome\dev\repository\org\springframework\boot\spring-boot\2.0.1.RELEASE\spring-boot-2.0.1.RELEASE.jar;D:\gome\dev\repository\org\springframework\boot\spring-boot-autoconfigure\2.0.1.RELEASE\spring-boot-autoconfigure-2.0.1.RELEASE.jar;D:\gome\dev\repository\org\springframework\boot\spring-boot-starter-logging\2.0.1.RELEASE\spring-boot-starter-logging-2.0.1.RELEASE.jar;D:\gome\dev\repository\ch\qos\logback\logback-classic\1.2.3\logback-classic-1.2.3.jar;D:\gome\dev\repository\ch\qos\logback\logback-core\1.2.3\logback-core-1.2.3.jar;D:\gome\dev\repository\org\apache\logging\log4j\log4j-to-slf4j\2.10.0\log4j-to-slf4j-2.10.0.jar;D:\gome\dev\repository\org\apache\logging\log4j\log4j-api\2.10.0\log4j-api-2.10.0.jar;D:\gome\dev\repository\org\slf4j\jul-to-slf4j\1.7.25\jul-to-slf4j-1.7.25.jar;D:\gome\dev\repository\javax\annotation\javax.annotation-api\1.3.2\javax.annotation-api-1.3.2.jar;D:\gome\dev\repository\org\yaml\snakeyaml\1.19\snakeyaml-1.19.jar;D:\gome\dev\repository\org\springframework\boot\spring-boot-starter-json\2.0.1.RELEASE\spring-boot-starter-json-2.0.1.RELEASE.jar;D:\gome\dev\repository\com\fasterxml\jackson\core\jackson-databind\2.9.5\jackson-databind-2.9.5.jar;D:\gome\dev\repository\com\fasterxml\jackson\core\jackson-annotations\2.9.0\jackson-annotations-2.9.0.jar;D:\gome\dev\repository\com\fasterxml\jackson\core\jackson-core\2.9.5\jackson-core-2.9.5.jar;D:\gome\dev\repository\com\fasterxml\jackson\datatype\jackson-datatype-jdk8\2.9.5\jackson-datatype-jdk8-2.9.5.jar;D:\gome\dev\repository\com\fasterxml\jackson\datatype\jackson-datatype-jsr310\2.9.5\jackson-datatype-jsr310-2.9.5.jar;D:\gome\dev\repository\com\fasterxml\jackson\module\jackson-module-parameter-names\2.9.5\jackson-module-parameter-names-2.9.5.jar;D:\gome\dev\repository\org\springframework\boot\spring-boot-starter-tomcat\2.0.1.RELEASE\spring-boot-starter-tomcat-2.0.1.RELEASE.jar;D:\gome\dev\repository\org\apache\tomcat\embed\tomcat-embed-core\8.5.29\tomcat-embed-core-8.5.29.jar;D:\gome\dev\repository\org\apache\tomcat\embed\tomcat-embed-el\8.5.29\tomcat-embed-el-8.5.29.jar;D:\gome\dev\repository\org\apache\tomcat\embed\tomcat-embed-websocket\8.5.29\tomcat-embed-websocket-8.5.29.jar;D:\gome\dev\repository\org\hibernate\validator\hibernate-validator\6.0.9.Final\hibernate-validator-6.0.9.Final.jar;D:\gome\dev\repository\javax\validation\validation-api\2.0.1.Final\validation-api-2.0.1.Final.jar;D:\gome\dev\repository\org\jboss\logging\jboss-logging\3.3.2.Final\jboss-logging-3.3.2.Final.jar;D:\gome\dev\repository\com\fasterxml\classmate\1.3.4\classmate-1.3.4.jar;D:\gome\dev\repository\org\springframework\spring-web\5.0.5.RELEASE\spring-web-5.0.5.RELEASE.jar;D:\gome\dev\repository\org\springframework\spring-beans\5.0.5.RELEASE\spring-beans-5.0.5.RELEASE.jar;D:\gome\dev\repository\org\springframework\spring-webmvc\5.0.5.RELEASE\spring-webmvc-5.0.5.RELEASE.jar;D:\gome\dev\repository\org\springframework\spring-aop\5.0.5.RELEASE\spring-aop-5.0.5.RELEASE.jar;D:\gome\dev\repository\org\springframework\spring-context\5.0.5.RELEASE\spring-context-5.0.5.RELEASE.jar;D:\gome\dev\repository\org\springframework\spring-expression\5.0.5.RELEASE\spring-expression-5.0.5.RELEASE.jar;D:\gome\dev\repository\org\springframework\boot\spring-boot-starter-test\2.0.1.RELEASE\spring-boot-starter-test-2.0.1.RELEASE.jar;D:\gome\dev\repository\org\springframework\boot\spring-boot-test\2.0.1.RELEASE\spring-boot-test-2.0.1.RELEASE.jar;D:\gome\dev\repository\org\springframework\boot\spring-boot-test-autoconfigure\2.0.1.RELEASE\spring-boot-test-autoconfigure-2.0.1.RELEASE.jar;D:\gome\dev\repository\com\jayway\jsonpath\json-path\2.4.0\json-path-2.4.0.jar;D:\gome\dev\repository\net\minidev\json-smart\2.3\json-smart-2.3.jar;D:\gome\dev\repository\net\minidev\accessors-smart\1.2\accessors-smart-1.2.jar;D:\gome\dev\repository\org\ow2\asm\asm\5.0.4\asm-5.0.4.jar;D:\gome\dev\repository\junit\junit\4.12\junit-4.12.jar;D:\gome\dev\repository\org\assertj\assertj-core\3.9.1\assertj-core-3.9.1.jar;D:\gome\dev\repository\org\mockito\mockito-core\2.15.0\mockito-core-2.15.0.jar;D:\gome\dev\repository\net\bytebuddy\byte-buddy\1.7.11\byte-buddy-1.7.11.jar;D:\gome\dev\repository\net\bytebuddy\byte-buddy-agent\1.7.11\byte-buddy-agent-1.7.11.jar;D:\gome\dev\repository\org\objenesis\objenesis\2.6\objenesis-2.6.jar;D:\gome\dev\repository\org\hamcrest\hamcrest-core\1.3\hamcrest-core-1.3.jar;D:\gome\dev\repository\org\hamcrest\hamcrest-library\1.3\hamcrest-library-1.3.jar;D:\gome\dev\repository\org\skyscreamer\jsonassert\1.5.0\jsonassert-1.5.0.jar;D:\gome\dev\repository\com\vaadin\external\google\android-json\0.0.20131108.vaadin1\android-json-0.0.20131108.vaadin1.jar;D:\gome\dev\repository\org\springframework\spring-core\5.0.5.RELEASE\spring-core-5.0.5.RELEASE.jar;D:\gome\dev\repository\org\springframework\spring-jcl\5.0.5.RELEASE\spring-jcl-5.0.5.RELEASE.jar;D:\gome\dev\repository\org\springframework\spring-test\5.0.5.RELEASE\spring-test-5.0.5.RELEASE.jar;D:\gome\dev\repository\org\xmlunit\xmlunit-core\2.5.1\xmlunit-core-2.5.1.jar;D:\gome\dev\repository\Mysql\mysql-connector-java\5.1.38\mysql-connector-java-5.1.38.jar;D:\gome\dev\repository\org\mybatis\mybatis\3.4.6\mybatis-3.4.6.jar;D:\gome\dev\repository\org\mybatis\spring\boot\mybatis-spring-boot-starter\1.3.2\mybatis-spring-boot-starter-1.3.2.jar;D:\gome\dev\repository\org\springframework\boot\spring-boot-starter-jdbc\2.0.1.RELEASE\spring-boot-starter-jdbc-2.0.1.RELEASE.jar;D:\gome\dev\repository\com\zaxxer\HikariCP\2.7.8\HikariCP-2.7.8.jar;D:\gome\dev\repository\org\springframework\spring-jdbc\5.0.5.RELEASE\spring-jdbc-5.0.5.RELEASE.jar;D:\gome\dev\repository\org\springframework\spring-tx\5.0.5.RELEASE\spring-tx-5.0.5.RELEASE.jar;D:\gome\dev\repository\org\mybatis\spring\boot\mybatis-spring-boot-autoconfigure\1.3.2\mybatis-spring-boot-autoconfigure-1.3.2.jar;D:\gome\dev\repository\org\mybatis\mybatis-spring\1.3.2\mybatis-spring-1.3.2.jar;D:\gome\dev\repository\com\alibaba\fastjson\1.2.9\fastjson-1.2.9.jar;D:\gome\dev\repository\org\slf4j\slf4j-api\1.7.9\slf4j-api-1.7.9.jar;D:\gome\dev\repository\org\slf4j\slf4j-nop\1.1.0\slf4j-nop-1.1.0.jar;D:\gome\dev\repository\org\apache\httpcomponents\httpclient\4.5.3\httpclient-4.5.3.jar;D:\gome\dev\repository\org\apache\httpcomponents\httpcore\4.4.9\httpcore-4.4.9.jar;D:\gome\dev\repository\commons-codec\commons-codec\1.11\commons-codec-1.11.jar;D:\gome\dev\repository\commons-httpclient\commons-httpclient\3.1\commons-httpclient-3.1.jar;D:\gome\dev\repository\commons-logging\commons-logging\1.0.4\commons-logging-1.0.4.jar;D:\gome\dev\repository\org\apache\shiro\shiro-spring\1.3.2\shiro-spring-1.3.2.jar;D:\gome\dev\repository\org\apache\shiro\shiro-core\1.3.2\shiro-core-1.3.2.jar;D:\gome\dev\repository\commons-beanutils\commons-beanutils\1.8.3\commons-beanutils-1.8.3.jar;D:\gome\dev\repository\org\apache\shiro\shiro-web\1.3.2\shiro-web-1.3.2.jar;"/>
    <property name="sun.cpu.endian" value="little"/>
    <property name="user.home" value="C:\Users\Sunny"/>
    <property name="user.language" value="zh"/>
    <property name="java.specification.vendor" value="Oracle Corporation"/>
    <property name="java.home" value="D:\Environment\jdk1.8\jre"/>
    <property name="basedir" value="D:\idea_workspace\ppd-api"/>
    <property name="file.separator" value="\"/>
    <property name="line.separator" value="&#10;"/>
    <property name="java.vm.specification.vendor" value="Oracle Corporation"/>
    <property name="java.specification.name" value="Java Platform API Specification"/>
    <property name="java.awt.graphicsenv" value="sun.awt.Win32GraphicsEnvironment"/>
    <property name="surefire.real.class.path" value="C:\Users\Sunny\AppData\Local\Temp\surefire4327506213121713023\surefirebooter2308922651582499922.jar"/>
    <property name="sun.boot.class.path" value="D:\Environment\jdk1.8\jre\lib\resources.jar;D:\Environment\jdk1.8\jre\lib\rt.jar;D:\Environment\jdk1.8\jre\lib\sunrsasign.jar;D:\Environment\jdk1.8\jre\lib\jsse.jar;D:\Environment\jdk1.8\jre\lib\jce.jar;D:\Environment\jdk1.8\jre\lib\charsets.jar;D:\Environment\jdk1.8\jre\lib\jfr.jar;D:\Environment\jdk1.8\jre\classes"/>
    <property name="user.script" value=""/>
    <property name="sun.management.compiler" value="HotSpot 64-Bit Tiered Compilers"/>
    <property name="java.runtime.version" value="1.8.0_31-b13"/>
    <property name="user.name" value="Sunny"/>
    <property name="path.separator" value=";"/>
    <property name="os.version" value="6.3"/>
    <property name="java.endorsed.dirs" value="D:\Environment\jdk1.8\jre\lib\endorsed"/>
    <property name="java.runtime.name" value="Java(TM) SE Runtime Environment"/>
    <property name="file.encoding" value="GBK"/>
    <property name="java.vm.name" value="Java HotSpot(TM) 64-Bit Server VM"/>
    <property name="localRepository" value="D:\gome\dev\repository"/>
    <property name="java.vendor.url.bug" value="http://bugreport.sun.com/bugreport/"/>
    <property name="java.io.tmpdir" value="C:\Users\Sunny\AppData\Local\Temp\"/>
    <property name="java.version" value="1.8.0_31"/>
    <property name="user.dir" value="D:\idea_workspace\ppd-api"/>
    <property name="os.arch" value="amd64"/>
    <property name="java.vm.specification.name" value="Java Virtual Machine Specification"/>
    <property name="java.awt.printerjob" value="sun.awt.windows.WPrinterJob"/>
    <property name="sun.os.patch.level" value=""/>
    <property name="java.library.path" value="D:\Environment\jdk1.8\jre\bin;C:\Windows\Sun\Java\bin;C:\Windows\system32;C:\Windows;C:\Program Files (x86)\Intel\iCLS Client\;C:\Program Files\Intel\iCLS Client\;C:\Windows\system32;C:\Windows;C:\Windows\System32\Wbem;C:\Windows\System32\WindowsPowerShell\v1.0\;C:\Windows\System32\OpenSSH\;C:\Program Files (x86)\Intel\Intel(R) Management Engine Components\DAL;C:\Program Files\Intel\Intel(R) Management Engine Components\DAL;C:\Program Files (x86)\Intel\Intel(R) Management Engine Components\IPT;C:\Program Files\Intel\Intel(R) Management Engine Components\IPT;C:\Program Files (x86)\NVIDIA Corporation\PhysX\Common;d:\Program Files\Git\cmd;D:\Environment\apache-maven-3.3.9\bin;D:\Environment\jdk1.8\bin;D:\Environment\jdk1.8\jre\bin;D:\Program Files\wkhtmltopdf\bin;D:\Program Files\TortoiseSVN\bin;D:\Program Files\nodejs\;C:\Users\Sunny\AppData\Local\Microsoft\WindowsApps;C:\Users\Sunny\AppData\Roaming\npm;."/>
    <property name="java.vm.info" value="mixed mode"/>
    <property name="java.vendor" value="Oracle Corporation"/>
    <property name="java.vm.version" value="25.31-b07"/>
    <property name="java.ext.dirs" value="D:\Environment\jdk1.8\jre\lib\ext;C:\Windows\Sun\Java\lib\ext"/>
    <property name="sun.io.unicode.encoding" value="UnicodeLittle"/>
    <property name="java.class.version" value="52.0"/>
  </properties>
  <testcase name="contextLoads" classname="com.springcloud.demo.DemoApplicationTests" time="0.102"/>
</testsuite>